<?xml version="1.0" encoding="UTF-8"?>
<!-- Generated by org.testng.reporters.JUnitReportReporter -->
<testsuite skipped="0" hostname="DESKTOP-3FO53C9" name="com.MavenPro.Testcases.FirstTest" tests="2" failures="0" timestamp="2022-12-25T10:25:28 IST" time="25.286" errors="0">
  <testcase name="firsttest" time="15.911" classname="com.MavenPro.Testcases.FirstTest"/>
  <testcase name="secondtest" time="9.375" classname="com.MavenPro.Testcases.FirstTest"/>
</testsuite> <!-- com.MavenPro.Testcases.FirstTest -->
